{"/Users/luisphan/intent/workspaces/expected-llama/dainganxanh/dainganxanh-landing/src/actions/adminOrders.ts": {"path":"/Users/luisphan/intent/workspaces/expected-llama/dainganxanh/dainganxanh-landing/src/actions/adminOrders.ts","all":false,"statementMap":{"0":{"start":{"line":1,"column":0},"end":{"line":1,"column":12}},"1":{"start":{"line":2,"column":0},"end":{"line":2,"column":0}},"2":{"start":{"line":3,"column":0},"end":{"line":3,"column":83}},"3":{"start":{"line":4,"column":0},"end":{"line":4,"column":0}},"4":{"start":{"line":5,"column":0},"end":{"line":5,"column":31}},"5":{"start":{"line":6,"column":0},"end":{"line":6,"column":19}},"6":{"start":{"line":7,"column":0},"end":{"line":7,"column":19}},"7":{"start":{"line":8,"column":0},"end":{"line":8,"column":21}},"8":{"start":{"line":9,"column":0},"end":{"line":9,"column":19}},"9":{"start":{"line":10,"column":0},"end":{"line":10,"column":1}},"10":{"start":{"line":11,"column":0},"end":{"line":11,"column":0}},"11":{"start":{"line":12,"column":0},"end":{"line":12,"column":36}},"12":{"start":{"line":13,"column":0},"end":{"line":13,"column":17}},"13":{"start":{"line":14,"column":0},"end":{"line":14,"column":22}},"14":{"start":{"line":15,"column":0},"end":{"line":15,"column":18}},"15":{"start":{"line":16,"column":0},"end":{"line":16,"column":1}},"16":{"start":{"line":17,"column":0},"end":{"line":17,"column":0}},"17":{"start":{"line":18,"column":0},"end":{"line":18,"column":39}},"18":{"start":{"line":19,"column":0},"end":{"line":19,"column":26}},"19":{"start":{"line":20,"column":0},"end":{"line":20,"column":17}},"20":{"start":{"line":21,"column":0},"end":{"line":21,"column":20}},"21":{"start":{"line":22,"column":0},"end":{"line":22,"column":31}},"22":{"start":{"line":23,"column":0},"end":{"line":23,"column":53}},"23":{"start":{"line":24,"column":0},"end":{"line":24,"column":0}},"24":{"start":{"line":25,"column":0},"end":{"line":25,"column":9}},"25":{"start":{"line":26,"column":0},"end":{"line":26,"column":90}},"26":{"start":{"line":27,"column":0},"end":{"line":27,"column":49}},"27":{"start":{"line":28,"column":0},"end":{"line":28,"column":29}},"28":{"start":{"line":29,"column":0},"end":{"line":29,"column":52}},"29":{"start":{"line":30,"column":0},"end":{"line":30,"column":43}},"30":{"start":{"line":31,"column":0},"end":{"line":31,"column":68}},"31":{"start":{"line":32,"column":0},"end":{"line":32,"column":34}},"32":{"start":{"line":33,"column":0},"end":{"line":33,"column":33}},"33":{"start":{"line":34,"column":0},"end":{"line":34,"column":54}},"34":{"start":{"line":35,"column":0},"end":{"line":35,"column":74}},"35":{"start":{"line":36,"column":0},"end":{"line":36,"column":13}},"36":{"start":{"line":37,"column":0},"end":{"line":37,"column":9}},"37":{"start":{"line":38,"column":0},"end":{"line":38,"column":0}},"38":{"start":{"line":39,"column":0},"end":{"line":39,"column":79}},"39":{"start":{"line":40,"column":0},"end":{"line":40,"column":40}},"40":{"start":{"line":41,"column":0},"end":{"line":41,"column":27}},"41":{"start":{"line":42,"column":0},"end":{"line":42,"column":57}},"42":{"start":{"line":43,"column":0},"end":{"line":43,"column":0}},"43":{"start":{"line":44,"column":0},"end":{"line":44,"column":57}},"44":{"start":{"line":45,"column":0},"end":{"line":45,"column":64}},"45":{"start":{"line":46,"column":0},"end":{"line":46,"column":9}},"46":{"start":{"line":47,"column":0},"end":{"line":47,"column":31}},"47":{"start":{"line":48,"column":0},"end":{"line":48,"column":71}},"48":{"start":{"line":49,"column":0},"end":{"line":49,"column":9}},"49":{"start":{"line":50,"column":0},"end":{"line":50,"column":29}},"50":{"start":{"line":51,"column":0},"end":{"line":51,"column":69}},"51":{"start":{"line":52,"column":0},"end":{"line":52,"column":9}},"52":{"start":{"line":53,"column":0},"end":{"line":53,"column":29}},"53":{"start":{"line":54,"column":0},"end":{"line":54,"column":52}},"54":{"start":{"line":55,"column":0},"end":{"line":55,"column":41}},"55":{"start":{"line":56,"column":0},"end":{"line":56,"column":53}},"56":{"start":{"line":57,"column":0},"end":{"line":57,"column":61}},"57":{"start":{"line":58,"column":0},"end":{"line":58,"column":58}},"58":{"start":{"line":59,"column":0},"end":{"line":59,"column":20}},"59":{"start":{"line":60,"column":0},"end":{"line":60,"column":103}},"60":{"start":{"line":61,"column":0},"end":{"line":61,"column":13}},"61":{"start":{"line":62,"column":0},"end":{"line":62,"column":9}},"62":{"start":{"line":63,"column":0},"end":{"line":63,"column":0}},"63":{"start":{"line":64,"column":0},"end":{"line":64,"column":42}},"64":{"start":{"line":65,"column":0},"end":{"line":65,"column":37}},"65":{"start":{"line":66,"column":0},"end":{"line":66,"column":0}},"66":{"start":{"line":67,"column":0},"end":{"line":67,"column":78}},"67":{"start":{"line":68,"column":0},"end":{"line":68,"column":35}},"68":{"start":{"line":69,"column":0},"end":{"line":69,"column":27}},"69":{"start":{"line":70,"column":0},"end":{"line":70,"column":24}},"70":{"start":{"line":71,"column":0},"end":{"line":71,"column":54}},"71":{"start":{"line":72,"column":0},"end":{"line":72,"column":62}},"72":{"start":{"line":73,"column":0},"end":{"line":73,"column":0}},"73":{"start":{"line":74,"column":0},"end":{"line":74,"column":57}},"74":{"start":{"line":75,"column":0},"end":{"line":75,"column":54}},"75":{"start":{"line":76,"column":0},"end":{"line":76,"column":9}},"76":{"start":{"line":77,"column":0},"end":{"line":77,"column":29}},"77":{"start":{"line":78,"column":0},"end":{"line":78,"column":52}},"78":{"start":{"line":79,"column":0},"end":{"line":79,"column":41}},"79":{"start":{"line":80,"column":0},"end":{"line":80,"column":48}},"80":{"start":{"line":81,"column":0},"end":{"line":81,"column":56}},"81":{"start":{"line":82,"column":0},"end":{"line":82,"column":53}},"82":{"start":{"line":83,"column":0},"end":{"line":83,"column":20}},"83":{"start":{"line":84,"column":0},"end":{"line":84,"column":93}},"84":{"start":{"line":85,"column":0},"end":{"line":85,"column":13}},"85":{"start":{"line":86,"column":0},"end":{"line":86,"column":9}},"86":{"start":{"line":87,"column":0},"end":{"line":87,"column":31}},"87":{"start":{"line":88,"column":0},"end":{"line":88,"column":61}},"88":{"start":{"line":89,"column":0},"end":{"line":89,"column":9}},"89":{"start":{"line":90,"column":0},"end":{"line":90,"column":29}},"90":{"start":{"line":91,"column":0},"end":{"line":91,"column":59}},"91":{"start":{"line":92,"column":0},"end":{"line":92,"column":9}},"92":{"start":{"line":93,"column":0},"end":{"line":93,"column":0}},"93":{"start":{"line":94,"column":0},"end":{"line":94,"column":67}},"94":{"start":{"line":95,"column":0},"end":{"line":95,"column":40}},"95":{"start":{"line":96,"column":0},"end":{"line":96,"column":0}},"96":{"start":{"line":97,"column":0},"end":{"line":97,"column":77}},"97":{"start":{"line":98,"column":0},"end":{"line":98,"column":99}},"98":{"start":{"line":99,"column":0},"end":{"line":99,"column":37}},"99":{"start":{"line":100,"column":0},"end":{"line":100,"column":107}},"100":{"start":{"line":101,"column":0},"end":{"line":101,"column":69}},"101":{"start":{"line":102,"column":0},"end":{"line":102,"column":0}},"102":{"start":{"line":103,"column":0},"end":{"line":103,"column":101}},"103":{"start":{"line":104,"column":0},"end":{"line":104,"column":0}},"104":{"start":{"line":105,"column":0},"end":{"line":105,"column":36}},"105":{"start":{"line":106,"column":0},"end":{"line":106,"column":61}},"106":{"start":{"line":107,"column":0},"end":{"line":107,"column":30}},"107":{"start":{"line":108,"column":0},"end":{"line":108,"column":58}},"108":{"start":{"line":109,"column":0},"end":{"line":109,"column":37}},"109":{"start":{"line":110,"column":0},"end":{"line":110,"column":0}},"110":{"start":{"line":111,"column":0},"end":{"line":111,"column":74}},"111":{"start":{"line":112,"column":0},"end":{"line":112,"column":32}},"112":{"start":{"line":113,"column":0},"end":{"line":113,"column":38}},"113":{"start":{"line":114,"column":0},"end":{"line":114,"column":38}},"114":{"start":{"line":115,"column":0},"end":{"line":115,"column":53}},"115":{"start":{"line":116,"column":0},"end":{"line":116,"column":17}},"116":{"start":{"line":117,"column":0},"end":{"line":117,"column":26}},"117":{"start":{"line":118,"column":0},"end":{"line":118,"column":18}},"118":{"start":{"line":119,"column":0},"end":{"line":119,"column":9}},"119":{"start":{"line":120,"column":0},"end":{"line":120,"column":0}},"120":{"start":{"line":121,"column":0},"end":{"line":121,"column":64}},"121":{"start":{"line":122,"column":0},"end":{"line":122,"column":21}},"122":{"start":{"line":123,"column":0},"end":{"line":123,"column":55}},"123":{"start":{"line":124,"column":0},"end":{"line":124,"column":55}},"124":{"start":{"line":125,"column":0},"end":{"line":125,"column":43}},"125":{"start":{"line":126,"column":0},"end":{"line":126,"column":58}},"126":{"start":{"line":127,"column":0},"end":{"line":127,"column":73}},"127":{"start":{"line":128,"column":0},"end":{"line":128,"column":21}},"128":{"start":{"line":129,"column":0},"end":{"line":129,"column":11}},"129":{"start":{"line":130,"column":0},"end":{"line":130,"column":0}},"130":{"start":{"line":131,"column":0},"end":{"line":131,"column":37}},"131":{"start":{"line":132,"column":0},"end":{"line":132,"column":19}},"132":{"start":{"line":133,"column":0},"end":{"line":133,"column":53}},"133":{"start":{"line":134,"column":0},"end":{"line":134,"column":16}},"134":{"start":{"line":135,"column":0},"end":{"line":135,"column":23}},"135":{"start":{"line":136,"column":0},"end":{"line":136,"column":26}},"136":{"start":{"line":137,"column":0},"end":{"line":137,"column":91}},"137":{"start":{"line":138,"column":0},"end":{"line":138,"column":9}},"138":{"start":{"line":139,"column":0},"end":{"line":139,"column":5}},"139":{"start":{"line":140,"column":0},"end":{"line":140,"column":1}},"140":{"start":{"line":141,"column":0},"end":{"line":141,"column":0}},"141":{"start":{"line":142,"column":0},"end":{"line":142,"column":86}},"142":{"start":{"line":143,"column":0},"end":{"line":143,"column":47}},"143":{"start":{"line":144,"column":0},"end":{"line":144,"column":0}},"144":{"start":{"line":145,"column":0},"end":{"line":145,"column":36}},"145":{"start":{"line":146,"column":0},"end":{"line":146,"column":23}},"146":{"start":{"line":147,"column":0},"end":{"line":147,"column":17}},"147":{"start":{"line":148,"column":0},"end":{"line":148,"column":31}},"148":{"start":{"line":149,"column":0},"end":{"line":149,"column":50}},"149":{"start":{"line":150,"column":0},"end":{"line":150,"column":10}},"150":{"start":{"line":151,"column":0},"end":{"line":151,"column":26}},"151":{"start":{"line":152,"column":0},"end":{"line":152,"column":0}},"152":{"start":{"line":153,"column":0},"end":{"line":153,"column":16}},"153":{"start":{"line":154,"column":0},"end":{"line":154,"column":55}},"154":{"start":{"line":155,"column":0},"end":{"line":155,"column":39}},"155":{"start":{"line":156,"column":0},"end":{"line":156,"column":5}},"156":{"start":{"line":157,"column":0},"end":{"line":157,"column":0}},"157":{"start":{"line":158,"column":0},"end":{"line":158,"column":13}},"158":{"start":{"line":159,"column":0},"end":{"line":159,"column":1}}},"s":{"0":1,"1":1,"2":1,"3":1,"4":1,"5":1,"6":1,"7":1,"8":1,"9":1,"10":1,"11":1,"12":1,"13":1,"14":1,"15":1,"16":1,"17":1,"18":7,"19":7,"20":7,"21":7,"22":7,"23":7,"24":7,"25":7,"26":7,"27":7,"28":1,"29":1,"30":1,"31":1,"32":1,"33":1,"34":1,"35":1,"36":1,"37":7,"38":7,"39":7,"40":7,"41":7,"42":7,"43":7,"44":1,"45":1,"46":7,"47":1,"48":1,"49":7,"50":1,"51":1,"52":7,"53":1,"54":1,"55":1,"56":1,"57":0,"58":1,"59":0,"60":0,"61":1,"62":7,"63":7,"64":7,"65":7,"66":7,"67":7,"68":7,"69":7,"70":7,"71":7,"72":7,"73":7,"74":1,"75":1,"76":7,"77":1,"78":1,"79":1,"80":1,"81":0,"82":1,"83":0,"84":0,"85":1,"86":7,"87":1,"88":1,"89":7,"90":1,"91":1,"92":7,"93":7,"94":7,"95":6,"96":6,"97":7,"98":7,"99":7,"100":7,"101":7,"102":7,"103":7,"104":7,"105":2,"106":2,"107":2,"108":2,"109":2,"110":2,"111":5,"112":5,"113":5,"114":5,"115":5,"116":5,"117":2,"118":2,"119":6,"120":7,"121":3,"122":3,"123":3,"124":3,"125":2,"126":2,"127":3,"128":3,"129":7,"130":7,"131":7,"132":1,"133":1,"134":1,"135":1,"136":1,"137":1,"138":1,"139":7,"140":1,"141":1,"142":2,"143":2,"144":2,"145":2,"146":2,"147":2,"148":2,"149":2,"150":2,"151":2,"152":2,"153":1,"154":1,"155":1,"156":1,"157":1,"158":1},"branchMap":{"0":{"type":"branch","line":18,"loc":{"start":{"line":18,"column":7},"end":{"line":140,"column":1}},"locations":[{"start":{"line":18,"column":7},"end":{"line":140,"column":1}}]},"1":{"type":"branch","line":28,"loc":{"start":{"line":28,"column":28},"end":{"line":37,"column":9}},"locations":[{"start":{"line":28,"column":28},"end":{"line":37,"column":9}}]},"2":{"type":"branch","line":35,"loc":{"start":{"line":35,"column":33},"end":{"line":35,"column":51}},"locations":[{"start":{"line":35,"column":33},"end":{"line":35,"column":51}}]},"3":{"type":"branch","line":44,"loc":{"start":{"line":44,"column":26},"end":{"line":44,"column":56}},"locations":[{"start":{"line":44,"column":26},"end":{"line":44,"column":56}}]},"4":{"type":"branch","line":44,"loc":{"start":{"line":44,"column":56},"end":{"line":46,"column":9}},"locations":[{"start":{"line":44,"column":56},"end":{"line":46,"column":9}}]},"5":{"type":"branch","line":47,"loc":{"start":{"line":47,"column":30},"end":{"line":49,"column":9}},"locations":[{"start":{"line":47,"column":30},"end":{"line":49,"column":9}}]},"6":{"type":"branch","line":50,"loc":{"start":{"line":50,"column":28},"end":{"line":52,"column":9}},"locations":[{"start":{"line":50,"column":28},"end":{"line":52,"column":9}}]},"7":{"type":"branch","line":53,"loc":{"start":{"line":53,"column":28},"end":{"line":62,"column":9}},"locations":[{"start":{"line":53,"column":28},"end":{"line":62,"column":9}}]},"8":{"type":"branch","line":57,"loc":{"start":{"line":57,"column":47},"end":{"line":58,"column":58}},"locations":[{"start":{"line":57,"column":47},"end":{"line":58,"column":58}}]},"9":{"type":"branch","line":59,"loc":{"start":{"line":59,"column":12},"end":{"line":61,"column":13}},"locations":[{"start":{"line":59,"column":12},"end":{"line":61,"column":13}}]},"10":{"type":"branch","line":65,"loc":{"start":{"line":65,"column":27},"end":{"line":65,"column":37}},"locations":[{"start":{"line":65,"column":27},"end":{"line":65,"column":37}}]},"11":{"type":"branch","line":74,"loc":{"start":{"line":74,"column":26},"end":{"line":74,"column":56}},"locations":[{"start":{"line":74,"column":26},"end":{"line":74,"column":56}}]},"12":{"type":"branch","line":74,"loc":{"start":{"line":74,"column":56},"end":{"line":76,"column":9}},"locations":[{"start":{"line":74,"column":56},"end":{"line":76,"column":9}}]},"13":{"type":"branch","line":77,"loc":{"start":{"line":77,"column":28},"end":{"line":86,"column":9}},"locations":[{"start":{"line":77,"column":28},"end":{"line":86,"column":9}}]},"14":{"type":"branch","line":81,"loc":{"start":{"line":81,"column":42},"end":{"line":82,"column":53}},"locations":[{"start":{"line":81,"column":42},"end":{"line":82,"column":53}}]},"15":{"type":"branch","line":83,"loc":{"start":{"line":83,"column":12},"end":{"line":85,"column":13}},"locations":[{"start":{"line":83,"column":12},"end":{"line":85,"column":13}}]},"16":{"type":"branch","line":87,"loc":{"start":{"line":87,"column":30},"end":{"line":89,"column":9}},"locations":[{"start":{"line":87,"column":30},"end":{"line":89,"column":9}}]},"17":{"type":"branch","line":90,"loc":{"start":{"line":90,"column":28},"end":{"line":92,"column":9}},"locations":[{"start":{"line":90,"column":28},"end":{"line":92,"column":9}}]},"18":{"type":"branch","line":95,"loc":{"start":{"line":95,"column":24},"end":{"line":95,"column":40}},"locations":[{"start":{"line":95,"column":24},"end":{"line":95,"column":40}}]},"19":{"type":"branch","line":95,"loc":{"start":{"line":95,"column":30},"end":{"line":98,"column":51}},"locations":[{"start":{"line":95,"column":30},"end":{"line":98,"column":51}}]},"20":{"type":"branch","line":98,"loc":{"start":{"line":98,"column":37},"end":{"line":98,"column":53}},"locations":[{"start":{"line":98,"column":37},"end":{"line":98,"column":53}}]},"21":{"type":"branch","line":100,"loc":{"start":{"line":100,"column":41},"end":{"line":100,"column":57}},"locations":[{"start":{"line":100,"column":41},"end":{"line":100,"column":57}}]},"22":{"type":"branch","line":105,"loc":{"start":{"line":105,"column":35},"end":{"line":119,"column":9}},"locations":[{"start":{"line":105,"column":35},"end":{"line":119,"column":9}}]},"23":{"type":"branch","line":111,"loc":{"start":{"line":111,"column":24},"end":{"line":111,"column":39}},"locations":[{"start":{"line":111,"column":24},"end":{"line":111,"column":39}}]},"24":{"type":"branch","line":119,"loc":{"start":{"line":119,"column":8},"end":{"line":121,"column":38}},"locations":[{"start":{"line":119,"column":8},"end":{"line":121,"column":38}}]},"25":{"type":"branch","line":121,"loc":{"start":{"line":121,"column":24},"end":{"line":121,"column":40}},"locations":[{"start":{"line":121,"column":24},"end":{"line":121,"column":40}}]},"26":{"type":"branch","line":132,"loc":{"start":{"line":132,"column":6},"end":{"line":139,"column":5}},"locations":[{"start":{"line":132,"column":6},"end":{"line":139,"column":5}}]},"27":{"type":"branch","line":137,"loc":{"start":{"line":137,"column":34},"end":{"line":137,"column":53}},"locations":[{"start":{"line":137,"column":34},"end":{"line":137,"column":53}}]},"28":{"type":"branch","line":35,"loc":{"start":{"line":35,"column":57},"end":{"line":35,"column":73}},"locations":[{"start":{"line":35,"column":57},"end":{"line":35,"column":73}}]},"29":{"type":"branch","line":98,"loc":{"start":{"line":98,"column":59},"end":{"line":98,"column":80}},"locations":[{"start":{"line":98,"column":59},"end":{"line":98,"column":80}}]},"30":{"type":"branch","line":100,"loc":{"start":{"line":100,"column":63},"end":{"line":100,"column":88}},"locations":[{"start":{"line":100,"column":63},"end":{"line":100,"column":88}}]},"31":{"type":"branch","line":111,"loc":{"start":{"line":111,"column":48},"end":{"line":118,"column":15}},"locations":[{"start":{"line":111,"column":48},"end":{"line":118,"column":15}}]},"32":{"type":"branch","line":121,"loc":{"start":{"line":121,"column":46},"end":{"line":129,"column":11}},"locations":[{"start":{"line":121,"column":46},"end":{"line":129,"column":11}}]},"33":{"type":"branch","line":125,"loc":{"start":{"line":125,"column":39},"end":{"line":128,"column":16}},"locations":[{"start":{"line":125,"column":39},"end":{"line":128,"column":16}}]},"34":{"type":"branch","line":128,"loc":{"start":{"line":128,"column":12},"end":{"line":128,"column":21}},"locations":[{"start":{"line":128,"column":12},"end":{"line":128,"column":21}}]},"35":{"type":"branch","line":142,"loc":{"start":{"line":142,"column":7},"end":{"line":159,"column":1}},"locations":[{"start":{"line":142,"column":7},"end":{"line":159,"column":1}}]},"36":{"type":"branch","line":153,"loc":{"start":{"line":153,"column":15},"end":{"line":159,"column":1}},"locations":[{"start":{"line":153,"column":15},"end":{"line":159,"column":1}}]}},"b":{"0":[7],"1":[1],"2":[0],"3":[1],"4":[1],"5":[1],"6":[1],"7":[1],"8":[0],"9":[0],"10":[5],"11":[1],"12":[1],"13":[1],"14":[0],"15":[0],"16":[1],"17":[1],"18":[1],"19":[6],"20":[0],"21":[0],"22":[2],"23":[0],"24":[6],"25":[0],"26":[1],"27":[0],"28":[1],"29":[3],"30":[3],"31":[5],"32":[3],"33":[2],"34":[1],"35":[2],"36":[1]},"fnMap":{"0":{"name":"fetchAdminOrders","decl":{"start":{"line":18,"column":7},"end":{"line":140,"column":1}},"loc":{"start":{"line":18,"column":7},"end":{"line":140,"column":1}},"line":18},"1":{"name":"verifyAdminOrder","decl":{"start":{"line":142,"column":7},"end":{"line":159,"column":1}},"loc":{"start":{"line":142,"column":7},"end":{"line":159,"column":1}},"line":142}},"f":{"0":7,"1":2}}
,"/Users/luisphan/intent/workspaces/expected-llama/dainganxanh/dainganxanh-landing/src/actions/ensureUserProfile.ts": {"path":"/Users/luisphan/intent/workspaces/expected-llama/dainganxanh/dainganxanh-landing/src/actions/ensureUserProfile.ts","all":false,"statementMap":{"0":{"start":{"line":1,"column":0},"end":{"line":1,"column":12}},"1":{"start":{"line":2,"column":0},"end":{"line":2,"column":0}},"2":{"start":{"line":3,"column":0},"end":{"line":3,"column":63}},"3":{"start":{"line":4,"column":0},"end":{"line":4,"column":38}},"4":{"start":{"line":5,"column":0},"end":{"line":5,"column":0}},"5":{"start":{"line":6,"column":0},"end":{"line":6,"column":81}},"6":{"start":{"line":7,"column":0},"end":{"line":7,"column":0}},"7":{"start":{"line":8,"column":0},"end":{"line":8,"column":3}},"8":{"start":{"line":9,"column":0},"end":{"line":9,"column":51}},"9":{"start":{"line":10,"column":0},"end":{"line":10,"column":83}},"10":{"start":{"line":11,"column":0},"end":{"line":11,"column":2}},"11":{"start":{"line":12,"column":0},"end":{"line":12,"column":68}},"12":{"start":{"line":13,"column":0},"end":{"line":13,"column":3}},"13":{"start":{"line":14,"column":0},"end":{"line":14,"column":40}},"14":{"start":{"line":15,"column":0},"end":{"line":15,"column":19}},"15":{"start":{"line":16,"column":0},"end":{"line":16,"column":18}},"16":{"start":{"line":17,"column":0},"end":{"line":17,"column":25}},"17":{"start":{"line":18,"column":0},"end":{"line":18,"column":18}},"18":{"start":{"line":19,"column":0},"end":{"line":19,"column":46}},"19":{"start":{"line":20,"column":0},"end":{"line":20,"column":0}},"20":{"start":{"line":21,"column":0},"end":{"line":21,"column":45}},"21":{"start":{"line":22,"column":0},"end":{"line":22,"column":22}},"22":{"start":{"line":23,"column":0},"end":{"line":23,"column":21}},"23":{"start":{"line":24,"column":0},"end":{"line":24,"column":25}},"24":{"start":{"line":25,"column":0},"end":{"line":25,"column":17}},"25":{"start":{"line":26,"column":0},"end":{"line":26,"column":0}},"26":{"start":{"line":27,"column":0},"end":{"line":27,"column":64}},"27":{"start":{"line":28,"column":0},"end":{"line":28,"column":0}},"28":{"start":{"line":29,"column":0},"end":{"line":29,"column":37}},"29":{"start":{"line":30,"column":0},"end":{"line":30,"column":39}},"30":{"start":{"line":31,"column":0},"end":{"line":31,"column":54}},"31":{"start":{"line":32,"column":0},"end":{"line":32,"column":0}},"32":{"start":{"line":33,"column":0},"end":{"line":33,"column":35}},"33":{"start":{"line":34,"column":0},"end":{"line":34,"column":61}},"34":{"start":{"line":35,"column":0},"end":{"line":35,"column":0}},"35":{"start":{"line":36,"column":0},"end":{"line":36,"column":46}},"36":{"start":{"line":37,"column":0},"end":{"line":37,"column":49}},"37":{"start":{"line":38,"column":0},"end":{"line":38,"column":26}},"38":{"start":{"line":39,"column":0},"end":{"line":39,"column":25}},"39":{"start":{"line":40,"column":0},"end":{"line":40,"column":56}},"40":{"start":{"line":41,"column":0},"end":{"line":41,"column":21}},"41":{"start":{"line":42,"column":0},"end":{"line":42,"column":0}},"42":{"start":{"line":43,"column":0},"end":{"line":43,"column":23}},"43":{"start":{"line":44,"column":0},"end":{"line":44,"column":42}},"44":{"start":{"line":45,"column":0},"end":{"line":45,"column":70}},"45":{"start":{"line":46,"column":0},"end":{"line":46,"column":50}},"46":{"start":{"line":47,"column":0},"end":{"line":47,"column":39}},"47":{"start":{"line":48,"column":0},"end":{"line":48,"column":14}},"48":{"start":{"line":49,"column":0},"end":{"line":49,"column":16}},"49":{"start":{"line":50,"column":0},"end":{"line":50,"column":87}},"50":{"start":{"line":51,"column":0},"end":{"line":51,"column":47}},"51":{"start":{"line":52,"column":0},"end":{"line":52,"column":54}},"52":{"start":{"line":53,"column":0},"end":{"line":53,"column":14}},"53":{"start":{"line":54,"column":0},"end":{"line":54,"column":9}},"54":{"start":{"line":55,"column":0},"end":{"line":55,"column":12}},"55":{"start":{"line":56,"column":0},"end":{"line":56,"column":87}},"56":{"start":{"line":57,"column":0},"end":{"line":57,"column":50}},"57":{"start":{"line":58,"column":0},"end":{"line":58,"column":10}},"58":{"start":{"line":59,"column":0},"end":{"line":59,"column":5}},"59":{"start":{"line":60,"column":0},"end":{"line":60,"column":0}},"60":{"start":{"line":61,"column":0},"end":{"line":61,"column":67}},"61":{"start":{"line":62,"column":0},"end":{"line":62,"column":54}},"62":{"start":{"line":63,"column":0},"end":{"line":63,"column":85}},"63":{"start":{"line":64,"column":0},"end":{"line":64,"column":103}},"64":{"start":{"line":65,"column":0},"end":{"line":65,"column":0}},"65":{"start":{"line":66,"column":0},"end":{"line":66,"column":36}},"66":{"start":{"line":67,"column":0},"end":{"line":67,"column":22}},"67":{"start":{"line":68,"column":0},"end":{"line":68,"column":17}},"68":{"start":{"line":69,"column":0},"end":{"line":69,"column":23}},"69":{"start":{"line":70,"column":0},"end":{"line":70,"column":18}},"70":{"start":{"line":71,"column":0},"end":{"line":71,"column":33}},"71":{"start":{"line":72,"column":0},"end":{"line":72,"column":42}},"72":{"start":{"line":73,"column":0},"end":{"line":73,"column":76}},"73":{"start":{"line":74,"column":0},"end":{"line":74,"column":10}},"74":{"start":{"line":75,"column":0},"end":{"line":75,"column":0}},"75":{"start":{"line":76,"column":0},"end":{"line":76,"column":42}},"76":{"start":{"line":77,"column":0},"end":{"line":77,"column":83}},"77":{"start":{"line":78,"column":0},"end":{"line":78,"column":77}},"78":{"start":{"line":79,"column":0},"end":{"line":79,"column":24}},"79":{"start":{"line":80,"column":0},"end":{"line":80,"column":85}},"80":{"start":{"line":81,"column":0},"end":{"line":81,"column":40}},"81":{"start":{"line":82,"column":0},"end":{"line":82,"column":10}},"82":{"start":{"line":83,"column":0},"end":{"line":83,"column":5}},"83":{"start":{"line":84,"column":0},"end":{"line":84,"column":1}}},"s":{"0":1,"1":1,"2":1,"3":1,"4":1,"5":1,"6":1,"7":1,"8":1,"9":1,"10":1,"11":1,"12":1,"13":1,"14":10,"15":10,"16":10,"17":10,"18":10,"19":10,"20":10,"21":10,"22":10,"23":10,"24":10,"25":10,"26":10,"27":9,"28":9,"29":9,"30":10,"31":10,"32":10,"33":10,"34":10,"35":10,"36":2,"37":2,"38":2,"39":2,"40":2,"41":2,"42":2,"43":1,"44":1,"45":1,"46":1,"47":1,"48":1,"49":1,"50":1,"51":1,"52":1,"53":1,"54":10,"55":7,"56":7,"57":7,"58":7,"59":9,"60":9,"61":10,"62":10,"63":10,"64":10,"65":10,"66":10,"67":10,"68":10,"69":10,"70":10,"71":10,"72":10,"73":10,"74":9,"75":10,"76":1,"77":1,"78":10,"79":7,"80":7,"81":7,"82":7,"83":10},"branchMap":{"0":{"type":"branch","line":14,"loc":{"start":{"line":14,"column":7},"end":{"line":84,"column":1}},"locations":[{"start":{"line":14,"column":7},"end":{"line":84,"column":1}}]},"1":{"type":"branch","line":27,"loc":{"start":{"line":27,"column":18},"end":{"line":27,"column":25}},"locations":[{"start":{"line":27,"column":18},"end":{"line":27,"column":25}}]},"2":{"type":"branch","line":27,"loc":{"start":{"line":27,"column":18},"end":{"line":31,"column":49}},"locations":[{"start":{"line":27,"column":18},"end":{"line":31,"column":49}}]},"3":{"type":"branch","line":31,"loc":{"start":{"line":31,"column":41},"end":{"line":31,"column":54}},"locations":[{"start":{"line":31,"column":41},"end":{"line":31,"column":54}}]},"4":{"type":"branch","line":36,"loc":{"start":{"line":36,"column":8},"end":{"line":36,"column":45}},"locations":[{"start":{"line":36,"column":8},"end":{"line":36,"column":45}}]},"5":{"type":"branch","line":36,"loc":{"start":{"line":36,"column":45},"end":{"line":55,"column":11}},"locations":[{"start":{"line":36,"column":45},"end":{"line":55,"column":11}}]},"6":{"type":"branch","line":43,"loc":{"start":{"line":43,"column":22},"end":{"line":54,"column":9}},"locations":[{"start":{"line":43,"column":22},"end":{"line":54,"column":9}}]},"7":{"type":"branch","line":55,"loc":{"start":{"line":55,"column":4},"end":{"line":59,"column":5}},"locations":[{"start":{"line":55,"column":4},"end":{"line":59,"column":5}}]},"8":{"type":"branch","line":59,"loc":{"start":{"line":59,"column":4},"end":{"line":62,"column":37}},"locations":[{"start":{"line":59,"column":4},"end":{"line":62,"column":37}}]},"9":{"type":"branch","line":62,"loc":{"start":{"line":62,"column":44},"end":{"line":62,"column":54}},"locations":[{"start":{"line":62,"column":44},"end":{"line":62,"column":54}}]},"10":{"type":"branch","line":64,"loc":{"start":{"line":64,"column":47},"end":{"line":64,"column":62}},"locations":[{"start":{"line":64,"column":47},"end":{"line":64,"column":62}}]},"11":{"type":"branch","line":64,"loc":{"start":{"line":64,"column":51},"end":{"line":64,"column":67}},"locations":[{"start":{"line":64,"column":51},"end":{"line":64,"column":67}}]},"12":{"type":"branch","line":71,"loc":{"start":{"line":71,"column":19},"end":{"line":71,"column":33}},"locations":[{"start":{"line":71,"column":19},"end":{"line":71,"column":33}}]},"13":{"type":"branch","line":74,"loc":{"start":{"line":74,"column":8},"end":{"line":76,"column":17}},"locations":[{"start":{"line":74,"column":8},"end":{"line":76,"column":17}}]},"14":{"type":"branch","line":76,"loc":{"start":{"line":76,"column":8},"end":{"line":76,"column":41}},"locations":[{"start":{"line":76,"column":8},"end":{"line":76,"column":41}}]},"15":{"type":"branch","line":76,"loc":{"start":{"line":76,"column":41},"end":{"line":79,"column":11}},"locations":[{"start":{"line":76,"column":41},"end":{"line":79,"column":11}}]},"16":{"type":"branch","line":79,"loc":{"start":{"line":79,"column":4},"end":{"line":83,"column":5}},"locations":[{"start":{"line":79,"column":4},"end":{"line":83,"column":5}}]},"17":{"type":"branch","line":79,"loc":{"start":{"line":79,"column":23},"end":{"line":83,"column":5}},"locations":[{"start":{"line":79,"column":23},"end":{"line":83,"column":5}}]}},"b":{"0":[10],"1":[1],"2":[9],"3":[3],"4":[3],"5":[2],"6":[1],"7":[7],"8":[9],"9":[0],"10":[9],"11":[0],"12":[8],"13":[9],"14":[2],"15":[1],"16":[8],"17":[7]},"fnMap":{"0":{"name":"ensureUserProfile","decl":{"start":{"line":14,"column":7},"end":{"line":84,"column":1}},"loc":{"start":{"line":14,"column":7},"end":{"line":84,"column":1}},"line":14}},"f":{"0":10}}
,"/Users/luisphan/intent/workspaces/expected-llama/dainganxanh/dainganxanh-landing/src/components/admin/OrderTable.tsx": {"path":"/Users/luisphan/intent/workspaces/expected-llama/dainganxanh/dainganxanh-landing/src/components/admin/OrderTable.tsx","all":false,"statementMap":{"0":{"start":{"line":1,"column":0},"end":{"line":1,"column":12}},"1":{"start":{"line":2,"column":0},"end":{"line":2,"column":0}},"2":{"start":{"line":3,"column":0},"end":{"line":3,"column":42}},"3":{"start":{"line":4,"column":0},"end":{"line":4,"column":46}},"4":{"start":{"line":5,"column":0},"end":{"line":5,"column":51}},"5":{"start":{"line":6,"column":0},"end":{"line":6,"column":53}},"6":{"start":{"line":7,"column":0},"end":{"line":7,"column":61}},"7":{"start":{"line":8,"column":0},"end":{"line":8,"column":68}},"8":{"start":{"line":9,"column":0},"end":{"line":9,"column":76}},"9":{"start":{"line":10,"column":0},"end":{"line":10,"column":0}},"10":{"start":{"line":11,"column":0},"end":{"line":11,"column":27}},"11":{"start":{"line":12,"column":0},"end":{"line":12,"column":19}},"12":{"start":{"line":13,"column":0},"end":{"line":13,"column":51}},"13":{"start":{"line":14,"column":0},"end":{"line":14,"column":1}},"14":{"start":{"line":15,"column":0},"end":{"line":15,"column":0}},"15":{"start":{"line":16,"column":0},"end":{"line":16,"column":59}},"16":{"start":{"line":17,"column":0},"end":{"line":17,"column":35}},"17":{"start":{"line":18,"column":0},"end":{"line":18,"column":0}},"18":{"start":{"line":19,"column":0},"end":{"line":19,"column":22}},"19":{"start":{"line":20,"column":0},"end":{"line":20,"column":45}},"20":{"start":{"line":21,"column":0},"end":{"line":21,"column":38}},"21":{"start":{"line":22,"column":0},"end":{"line":22,"column":44}},"22":{"start":{"line":23,"column":0},"end":{"line":23,"column":46}},"23":{"start":{"line":24,"column":0},"end":{"line":24,"column":45}},"24":{"start":{"line":25,"column":0},"end":{"line":25,"column":41}},"25":{"start":{"line":26,"column":0},"end":{"line":26,"column":1}},"26":{"start":{"line":27,"column":0},"end":{"line":27,"column":0}},"27":{"start":{"line":28,"column":0},"end":{"line":28,"column":22}},"28":{"start":{"line":29,"column":0},"end":{"line":29,"column":28}},"29":{"start":{"line":30,"column":0},"end":{"line":30,"column":26}},"30":{"start":{"line":31,"column":0},"end":{"line":31,"column":28}},"31":{"start":{"line":32,"column":0},"end":{"line":32,"column":27}},"32":{"start":{"line":33,"column":0},"end":{"line":33,"column":28}},"33":{"start":{"line":34,"column":0},"end":{"line":34,"column":24}},"34":{"start":{"line":35,"column":0},"end":{"line":35,"column":1}},"35":{"start":{"line":36,"column":0},"end":{"line":36,"column":0}},"36":{"start":{"line":37,"column":0},"end":{"line":37,"column":78}},"37":{"start":{"line":38,"column":0},"end":{"line":38,"column":71}},"38":{"start":{"line":39,"column":0},"end":{"line":39,"column":77}},"39":{"start":{"line":40,"column":0},"end":{"line":40,"column":71}},"40":{"start":{"line":41,"column":0},"end":{"line":41,"column":76}},"41":{"start":{"line":42,"column":0},"end":{"line":42,"column":71}},"42":{"start":{"line":43,"column":0},"end":{"line":43,"column":0}},"43":{"start":{"line":44,"column":0},"end":{"line":44,"column":56}},"44":{"start":{"line":45,"column":0},"end":{"line":45,"column":35}},"45":{"start":{"line":46,"column":0},"end":{"line":46,"column":0}},"46":{"start":{"line":47,"column":0},"end":{"line":47,"column":13}},"47":{"start":{"line":48,"column":0},"end":{"line":48,"column":75}},"48":{"start":{"line":49,"column":0},"end":{"line":49,"column":34}},"49":{"start":{"line":50,"column":0},"end":{"line":50,"column":68}},"50":{"start":{"line":51,"column":0},"end":{"line":51,"column":13}},"51":{"start":{"line":52,"column":0},"end":{"line":52,"column":34}},"52":{"start":{"line":53,"column":0},"end":{"line":53,"column":36}},"53":{"start":{"line":54,"column":0},"end":{"line":54,"column":25}},"54":{"start":{"line":55,"column":0},"end":{"line":55,"column":84}},"55":{"start":{"line":56,"column":0},"end":{"line":56,"column":23}},"56":{"start":{"line":57,"column":0},"end":{"line":57,"column":9}},"57":{"start":{"line":58,"column":0},"end":{"line":58,"column":5}},"58":{"start":{"line":59,"column":0},"end":{"line":59,"column":0}},"59":{"start":{"line":60,"column":0},"end":{"line":60,"column":46}},"60":{"start":{"line":61,"column":0},"end":{"line":61,"column":34}},"61":{"start":{"line":62,"column":0},"end":{"line":62,"column":70}},"62":{"start":{"line":63,"column":0},"end":{"line":63,"column":16}},"63":{"start":{"line":64,"column":0},"end":{"line":64,"column":31}},"64":{"start":{"line":65,"column":0},"end":{"line":65,"column":36}},"65":{"start":{"line":66,"column":0},"end":{"line":66,"column":9}},"66":{"start":{"line":67,"column":0},"end":{"line":67,"column":5}},"67":{"start":{"line":68,"column":0},"end":{"line":68,"column":0}},"68":{"start":{"line":69,"column":0},"end":{"line":69,"column":53}},"69":{"start":{"line":70,"column":0},"end":{"line":70,"column":35}},"70":{"start":{"line":71,"column":0},"end":{"line":71,"column":35}},"71":{"start":{"line":72,"column":0},"end":{"line":72,"column":0}},"72":{"start":{"line":73,"column":0},"end":{"line":73,"column":68}},"73":{"start":{"line":74,"column":0},"end":{"line":74,"column":68}},"74":{"start":{"line":75,"column":0},"end":{"line":75,"column":16}},"75":{"start":{"line":76,"column":0},"end":{"line":76,"column":6}},"76":{"start":{"line":77,"column":0},"end":{"line":77,"column":0}},"77":{"start":{"line":78,"column":0},"end":{"line":78,"column":48}},"78":{"start":{"line":79,"column":0},"end":{"line":79,"column":59}},"79":{"start":{"line":80,"column":0},"end":{"line":80,"column":5}},"80":{"start":{"line":81,"column":0},"end":{"line":81,"column":0}},"81":{"start":{"line":82,"column":0},"end":{"line":82,"column":48}},"82":{"start":{"line":83,"column":0},"end":{"line":83,"column":47}},"83":{"start":{"line":84,"column":0},"end":{"line":84,"column":30}},"84":{"start":{"line":85,"column":0},"end":{"line":85,"column":28}},"85":{"start":{"line":86,"column":0},"end":{"line":86,"column":25}},"86":{"start":{"line":87,"column":0},"end":{"line":87,"column":5}},"87":{"start":{"line":88,"column":0},"end":{"line":88,"column":0}},"88":{"start":{"line":89,"column":0},"end":{"line":89,"column":59}},"89":{"start":{"line":90,"column":0},"end":{"line":90,"column":44}},"90":{"start":{"line":91,"column":0},"end":{"line":91,"column":42}},"91":{"start":{"line":92,"column":0},"end":{"line":92,"column":61}},"92":{"start":{"line":93,"column":0},"end":{"line":93,"column":13}},"93":{"start":{"line":94,"column":0},"end":{"line":94,"column":63}},"94":{"start":{"line":95,"column":0},"end":{"line":95,"column":9}},"95":{"start":{"line":96,"column":0},"end":{"line":96,"column":5}},"96":{"start":{"line":97,"column":0},"end":{"line":97,"column":0}},"97":{"start":{"line":98,"column":0},"end":{"line":98,"column":12}},"98":{"start":{"line":99,"column":0},"end":{"line":99,"column":68}},"99":{"start":{"line":100,"column":0},"end":{"line":100,"column":31}},"100":{"start":{"line":101,"column":0},"end":{"line":101,"column":29}},"101":{"start":{"line":102,"column":0},"end":{"line":102,"column":111}},"102":{"start":{"line":103,"column":0},"end":{"line":103,"column":73}},"103":{"start":{"line":104,"column":0},"end":{"line":104,"column":27}},"104":{"start":{"line":105,"column":0},"end":{"line":105,"column":60}},"105":{"start":{"line":106,"column":0},"end":{"line":106,"column":67}},"106":{"start":{"line":107,"column":0},"end":{"line":107,"column":21}},"107":{"start":{"line":108,"column":0},"end":{"line":108,"column":25}},"108":{"start":{"line":109,"column":0},"end":{"line":109,"column":29}},"109":{"start":{"line":110,"column":0},"end":{"line":110,"column":22}},"110":{"start":{"line":111,"column":0},"end":{"line":111,"column":14}},"111":{"start":{"line":112,"column":0},"end":{"line":112,"column":67}},"112":{"start":{"line":113,"column":0},"end":{"line":113,"column":46}},"113":{"start":{"line":114,"column":0},"end":{"line":114,"column":24}},"114":{"start":{"line":115,"column":0},"end":{"line":115,"column":119}},"115":{"start":{"line":116,"column":0},"end":{"line":116,"column":36}},"116":{"start":{"line":117,"column":0},"end":{"line":117,"column":29}},"117":{"start":{"line":118,"column":0},"end":{"line":118,"column":119}},"118":{"start":{"line":119,"column":0},"end":{"line":119,"column":32}},"119":{"start":{"line":120,"column":0},"end":{"line":120,"column":29}},"120":{"start":{"line":121,"column":0},"end":{"line":121,"column":119}},"121":{"start":{"line":122,"column":0},"end":{"line":122,"column":44}},"122":{"start":{"line":123,"column":0},"end":{"line":123,"column":29}},"123":{"start":{"line":124,"column":0},"end":{"line":124,"column":27}},"124":{"start":{"line":125,"column":0},"end":{"line":125,"column":151}},"125":{"start":{"line":126,"column":0},"end":{"line":126,"column":66}},"126":{"start":{"line":127,"column":0},"end":{"line":127,"column":25}},"127":{"start":{"line":128,"column":0},"end":{"line":128,"column":66}},"128":{"start":{"line":129,"column":0},"end":{"line":129,"column":29}},"129":{"start":{"line":130,"column":0},"end":{"line":130,"column":27}},"130":{"start":{"line":131,"column":0},"end":{"line":131,"column":151}},"131":{"start":{"line":132,"column":0},"end":{"line":132,"column":70}},"132":{"start":{"line":133,"column":0},"end":{"line":133,"column":25}},"133":{"start":{"line":134,"column":0},"end":{"line":134,"column":71}},"134":{"start":{"line":135,"column":0},"end":{"line":135,"column":29}},"135":{"start":{"line":136,"column":0},"end":{"line":136,"column":119}},"136":{"start":{"line":137,"column":0},"end":{"line":137,"column":38}},"137":{"start":{"line":138,"column":0},"end":{"line":138,"column":29}},"138":{"start":{"line":139,"column":0},"end":{"line":139,"column":119}},"139":{"start":{"line":140,"column":0},"end":{"line":140,"column":38}},"140":{"start":{"line":141,"column":0},"end":{"line":141,"column":29}},"141":{"start":{"line":142,"column":0},"end":{"line":142,"column":27}},"142":{"start":{"line":143,"column":0},"end":{"line":143,"column":151}},"143":{"start":{"line":144,"column":0},"end":{"line":144,"column":68}},"144":{"start":{"line":145,"column":0},"end":{"line":145,"column":25}},"145":{"start":{"line":146,"column":0},"end":{"line":146,"column":68}},"146":{"start":{"line":147,"column":0},"end":{"line":147,"column":29}},"147":{"start":{"line":148,"column":0},"end":{"line":148,"column":119}},"148":{"start":{"line":149,"column":0},"end":{"line":149,"column":37}},"149":{"start":{"line":150,"column":0},"end":{"line":150,"column":29}},"150":{"start":{"line":151,"column":0},"end":{"line":151,"column":25}},"151":{"start":{"line":152,"column":0},"end":{"line":152,"column":24}},"152":{"start":{"line":153,"column":0},"end":{"line":153,"column":69}},"153":{"start":{"line":154,"column":0},"end":{"line":154,"column":50}},"154":{"start":{"line":155,"column":0},"end":{"line":155,"column":49}},"155":{"start":{"line":156,"column":0},"end":{"line":156,"column":31}},"156":{"start":{"line":157,"column":0},"end":{"line":157,"column":75}},"157":{"start":{"line":158,"column":0},"end":{"line":158,"column":106}},"158":{"start":{"line":159,"column":0},"end":{"line":159,"column":29}},"159":{"start":{"line":160,"column":0},"end":{"line":160,"column":110}},"160":{"start":{"line":161,"column":0},"end":{"line":161,"column":145}},"161":{"start":{"line":162,"column":0},"end":{"line":162,"column":37}},"162":{"start":{"line":163,"column":0},"end":{"line":163,"column":98}},"163":{"start":{"line":164,"column":0},"end":{"line":164,"column":94}},"164":{"start":{"line":165,"column":0},"end":{"line":165,"column":37}},"165":{"start":{"line":166,"column":0},"end":{"line":166,"column":98}},"166":{"start":{"line":167,"column":0},"end":{"line":167,"column":55}},"167":{"start":{"line":168,"column":0},"end":{"line":168,"column":45}},"168":{"start":{"line":169,"column":0},"end":{"line":169,"column":111}},"169":{"start":{"line":170,"column":0},"end":{"line":170,"column":50}},"170":{"start":{"line":171,"column":0},"end":{"line":171,"column":113}},"171":{"start":{"line":172,"column":0},"end":{"line":172,"column":46}},"172":{"start":{"line":173,"column":0},"end":{"line":173,"column":41}},"173":{"start":{"line":174,"column":0},"end":{"line":174,"column":87}},"174":{"start":{"line":175,"column":0},"end":{"line":175,"column":38}},"175":{"start":{"line":176,"column":0},"end":{"line":176,"column":37}},"176":{"start":{"line":177,"column":0},"end":{"line":177,"column":98}},"177":{"start":{"line":178,"column":0},"end":{"line":178,"column":56}},"178":{"start":{"line":179,"column":0},"end":{"line":179,"column":37}},"179":{"start":{"line":180,"column":0},"end":{"line":180,"column":98}},"180":{"start":{"line":181,"column":0},"end":{"line":181,"column":72}},"181":{"start":{"line":182,"column":0},"end":{"line":182,"column":37}},"182":{"start":{"line":183,"column":0},"end":{"line":183,"column":98}},"183":{"start":{"line":184,"column":0},"end":{"line":184,"column":58}},"184":{"start":{"line":185,"column":0},"end":{"line":185,"column":37}},"185":{"start":{"line":186,"column":0},"end":{"line":186,"column":76}},"186":{"start":{"line":187,"column":0},"end":{"line":187,"column":153}},"187":{"start":{"line":188,"column":0},"end":{"line":188,"column":68}},"188":{"start":{"line":189,"column":0},"end":{"line":189,"column":43}},"189":{"start":{"line":190,"column":0},"end":{"line":190,"column":37}},"190":{"start":{"line":191,"column":0},"end":{"line":191,"column":98}},"191":{"start":{"line":192,"column":0},"end":{"line":192,"column":66}},"192":{"start":{"line":193,"column":0},"end":{"line":193,"column":37}},"193":{"start":{"line":194,"column":0},"end":{"line":194,"column":96}},"194":{"start":{"line":195,"column":0},"end":{"line":195,"column":64}},"195":{"start":{"line":196,"column":0},"end":{"line":196,"column":98}},"196":{"start":{"line":197,"column":0},"end":{"line":197,"column":110}},"197":{"start":{"line":198,"column":0},"end":{"line":198,"column":107}},"198":{"start":{"line":199,"column":0},"end":{"line":199,"column":51}},"199":{"start":{"line":200,"column":0},"end":{"line":200,"column":65}},"200":{"start":{"line":201,"column":0},"end":{"line":201,"column":71}},"201":{"start":{"line":202,"column":0},"end":{"line":202,"column":76}},"202":{"start":{"line":203,"column":0},"end":{"line":203,"column":50}},"203":{"start":{"line":204,"column":0},"end":{"line":204,"column":130}},"204":{"start":{"line":205,"column":0},"end":{"line":205,"column":45}},"205":{"start":{"line":206,"column":0},"end":{"line":206,"column":58}},"206":{"start":{"line":207,"column":0},"end":{"line":207,"column":53}},"207":{"start":{"line":208,"column":0},"end":{"line":208,"column":45}},"208":{"start":{"line":209,"column":0},"end":{"line":209,"column":84}},"209":{"start":{"line":210,"column":0},"end":{"line":210,"column":42}},"210":{"start":{"line":211,"column":0},"end":{"line":211,"column":42}},"211":{"start":{"line":212,"column":0},"end":{"line":212,"column":37}},"212":{"start":{"line":213,"column":0},"end":{"line":213,"column":33}},"213":{"start":{"line":214,"column":0},"end":{"line":214,"column":58}},"214":{"start":{"line":215,"column":0},"end":{"line":215,"column":36}},"215":{"start":{"line":216,"column":0},"end":{"line":216,"column":85}},"216":{"start":{"line":217,"column":0},"end":{"line":217,"column":67}},"217":{"start":{"line":218,"column":0},"end":{"line":218,"column":92}},"218":{"start":{"line":219,"column":0},"end":{"line":219,"column":101}},"219":{"start":{"line":220,"column":0},"end":{"line":220,"column":100}},"220":{"start":{"line":221,"column":0},"end":{"line":221,"column":71}},"221":{"start":{"line":222,"column":0},"end":{"line":222,"column":124}},"222":{"start":{"line":223,"column":0},"end":{"line":223,"column":50}},"223":{"start":{"line":224,"column":0},"end":{"line":224,"column":121}},"224":{"start":{"line":225,"column":0},"end":{"line":225,"column":50}},"225":{"start":{"line":226,"column":0},"end":{"line":226,"column":0}},"226":{"start":{"line":227,"column":0},"end":{"line":227,"column":68}},"227":{"start":{"line":228,"column":0},"end":{"line":228,"column":68}},"228":{"start":{"line":229,"column":0},"end":{"line":229,"column":79}},"229":{"start":{"line":230,"column":0},"end":{"line":230,"column":116}},"230":{"start":{"line":231,"column":0},"end":{"line":231,"column":68}},"231":{"start":{"line":232,"column":0},"end":{"line":232,"column":74}},"232":{"start":{"line":233,"column":0},"end":{"line":233,"column":88}},"233":{"start":{"line":234,"column":0},"end":{"line":234,"column":112}},"234":{"start":{"line":235,"column":0},"end":{"line":235,"column":54}},"235":{"start":{"line":236,"column":0},"end":{"line":236,"column":54}},"236":{"start":{"line":237,"column":0},"end":{"line":237,"column":46}},"237":{"start":{"line":238,"column":0},"end":{"line":238,"column":46}},"238":{"start":{"line":239,"column":0},"end":{"line":239,"column":41}},"239":{"start":{"line":240,"column":0},"end":{"line":240,"column":37}},"240":{"start":{"line":241,"column":0},"end":{"line":241,"column":30}},"241":{"start":{"line":242,"column":0},"end":{"line":242,"column":35}},"242":{"start":{"line":243,"column":0},"end":{"line":243,"column":23}},"243":{"start":{"line":244,"column":0},"end":{"line":244,"column":24}},"244":{"start":{"line":245,"column":0},"end":{"line":245,"column":20}},"245":{"start":{"line":246,"column":0},"end":{"line":246,"column":0}},"246":{"start":{"line":247,"column":0},"end":{"line":247,"column":36}},"247":{"start":{"line":248,"column":0},"end":{"line":248,"column":13}},"248":{"start":{"line":249,"column":0},"end":{"line":249,"column":35}},"249":{"start":{"line":250,"column":0},"end":{"line":250,"column":39}},"250":{"start":{"line":251,"column":0},"end":{"line":251,"column":51}},"251":{"start":{"line":252,"column":0},"end":{"line":252,"column":58}},"252":{"start":{"line":253,"column":0},"end":{"line":253,"column":40}},"253":{"start":{"line":254,"column":0},"end":{"line":254,"column":51}},"254":{"start":{"line":255,"column":0},"end":{"line":255,"column":48}},"255":{"start":{"line":256,"column":0},"end":{"line":256,"column":26}},"256":{"start":{"line":257,"column":0},"end":{"line":257,"column":52}},"257":{"start":{"line":258,"column":0},"end":{"line":258,"column":22}},"258":{"start":{"line":259,"column":0},"end":{"line":259,"column":17}},"259":{"start":{"line":260,"column":0},"end":{"line":260,"column":13}},"260":{"start":{"line":261,"column":0},"end":{"line":261,"column":15}},"261":{"start":{"line":262,"column":0},"end":{"line":262,"column":5}},"262":{"start":{"line":263,"column":0},"end":{"line":263,"column":1}}},"s":{"0":1,"1":1,"2":1,"3":1,"4":1,"5":1,"6":1,"7":1,"8":1,"9":1,"10":1,"11":1,"12":1,"13":1,"14":1,"15":1,"16":1,"17":1,"18":1,"19":1,"20":1,"21":1,"22":1,"23":1,"24":1,"25":1,"26":1,"27":1,"28":1,"29":1,"30":1,"31":1,"32":1,"33":1,"34":1,"35":1,"36":1,"37":9,"38":9,"39":9,"40":9,"41":9,"42":9,"43":9,"44":0,"45":0,"46":0,"47":0,"48":0,"49":0,"50":0,"51":0,"52":0,"53":0,"54":0,"55":0,"56":0,"57":0,"58":9,"59":9,"60":0,"61":0,"62":0,"63":0,"64":0,"65":0,"66":0,"67":9,"68":9,"69":9,"70":9,"71":9,"72":9,"73":0,"74":0,"75":0,"76":9,"77":9,"78":18,"79":18,"80":9,"81":9,"82":18,"83":18,"84":18,"85":18,"86":18,"87":9,"88":9,"89":27,"90":9,"91":0,"92":0,"93":27,"94":27,"95":27,"96":9,"97":9,"98":9,"99":9,"100":9,"101":9,"102":9,"103":9,"104":9,"105":9,"106":9,"107":9,"108":9,"109":9,"110":9,"111":9,"112":9,"113":9,"114":9,"115":9,"116":9,"117":9,"118":9,"119":9,"120":9,"121":9,"122":9,"123":9,"124":9,"125":9,"126":9,"127":9,"128":9,"129":9,"130":9,"131":9,"132":9,"133":9,"134":9,"135":9,"136":9,"137":9,"138":9,"139":9,"140":9,"141":9,"142":9,"143":9,"144":9,"145":9,"146":9,"147":9,"148":9,"149":9,"150":9,"151":9,"152":9,"153":9,"154":18,"155":9,"156":9,"157":9,"158":9,"159":9,"160":9,"161":9,"162":9,"163":9,"164":9,"165":9,"166":9,"167":9,"168":9,"169":9,"170":9,"171":9,"172":9,"173":9,"174":9,"175":9,"176":9,"177":9,"178":9,"179":9,"180":9,"181":9,"182":9,"183":9,"184":9,"185":9,"186":9,"187":9,"188":9,"189":9,"190":9,"191":9,"192":9,"193":9,"194":9,"195":9,"196":9,"197":9,"198":9,"199":9,"200":0,"201":0,"202":0,"203":9,"204":9,"205":9,"206":9,"207":9,"208":9,"209":9,"210":9,"211":9,"212":9,"213":9,"214":9,"215":9,"216":9,"217":9,"218":9,"219":9,"220":9,"221":9,"222":9,"223":9,"224":9,"225":9,"226":9,"227":9,"228":9,"229":9,"230":9,"231":9,"232":9,"233":9,"234":9,"235":9,"236":9,"237":9,"238":9,"239":9,"240":9,"241":9,"242":9,"243":9,"244":9,"245":9,"246":9,"247":9,"248":9,"249":9,"250":9,"251":9,"252":9,"253":0,"254":0,"255":0,"256":9,"257":9,"258":9,"259":9,"260":9,"261":9,"262":9},"branchMap":{"0":{"type":"branch","line":37,"loc":{"start":{"line":37,"column":15},"end":{"line":263,"column":1}},"locations":[{"start":{"line":37,"column":15},"end":{"line":263,"column":1}}]},"1":{"type":"branch","line":69,"loc":{"start":{"line":69,"column":42},"end":{"line":76,"column":6}},"locations":[{"start":{"line":69,"column":42},"end":{"line":76,"column":6}}]},"2":{"type":"branch","line":73,"loc":{"start":{"line":73,"column":54},"end":{"line":73,"column":67}},"locations":[{"start":{"line":73,"column":54},"end":{"line":73,"column":67}}]},"3":{"type":"branch","line":73,"loc":{"start":{"line":73,"column":67},"end":{"line":76,"column":6}},"locations":[{"start":{"line":73,"column":67},"end":{"line":76,"column":6}}]},"4":{"type":"branch","line":78,"loc":{"start":{"line":78,"column":23},"end":{"line":80,"column":5}},"locations":[{"start":{"line":78,"column":23},"end":{"line":80,"column":5}}]},"5":{"type":"branch","line":82,"loc":{"start":{"line":82,"column":27},"end":{"line":87,"column":5}},"locations":[{"start":{"line":82,"column":27},"end":{"line":87,"column":5}}]},"6":{"type":"branch","line":89,"loc":{"start":{"line":89,"column":21},"end":{"line":96,"column":5}},"locations":[{"start":{"line":89,"column":21},"end":{"line":96,"column":5}}]},"7":{"type":"branch","line":90,"loc":{"start":{"line":90,"column":33},"end":{"line":90,"column":44}},"locations":[{"start":{"line":90,"column":33},"end":{"line":90,"column":44}}]},"8":{"type":"branch","line":90,"loc":{"start":{"line":90,"column":40},"end":{"line":91,"column":42}},"locations":[{"start":{"line":90,"column":40},"end":{"line":91,"column":42}}]},"9":{"type":"branch","line":91,"loc":{"start":{"line":91,"column":33},"end":{"line":94,"column":13}},"locations":[{"start":{"line":91,"column":33},"end":{"line":94,"column":13}}]},"10":{"type":"branch","line":154,"loc":{"start":{"line":154,"column":38},"end":{"line":155,"column":49}},"locations":[{"start":{"line":154,"column":38},"end":{"line":155,"column":49}}]},"11":{"type":"branch","line":164,"loc":{"start":{"line":164,"column":58},"end":{"line":164,"column":78}},"locations":[{"start":{"line":164,"column":58},"end":{"line":164,"column":78}}]},"12":{"type":"branch","line":164,"loc":{"start":{"line":164,"column":78},"end":{"line":164,"column":94}},"locations":[{"start":{"line":164,"column":78},"end":{"line":164,"column":94}}]},"13":{"type":"branch","line":167,"loc":{"start":{"line":167,"column":51},"end":{"line":174,"column":41}},"locations":[{"start":{"line":167,"column":51},"end":{"line":174,"column":41}}]},"14":{"type":"branch","line":196,"loc":{"start":{"line":196,"column":58},"end":{"line":196,"column":98}},"locations":[{"start":{"line":196,"column":58},"end":{"line":196,"column":98}}]},"15":{"type":"branch","line":196,"loc":{"start":{"line":196,"column":88},"end":{"line":198,"column":50}},"locations":[{"start":{"line":196,"column":88},"end":{"line":198,"column":50}}]},"16":{"type":"branch","line":198,"loc":{"start":{"line":198,"column":61},"end":{"line":198,"column":107}},"locations":[{"start":{"line":198,"column":61},"end":{"line":198,"column":107}}]},"17":{"type":"branch","line":224,"loc":{"start":{"line":224,"column":99},"end":{"line":224,"column":110}},"locations":[{"start":{"line":224,"column":99},"end":{"line":224,"column":110}}]},"18":{"type":"branch","line":158,"loc":{"start":{"line":158,"column":41},"end":{"line":158,"column":106}},"locations":[{"start":{"line":158,"column":41},"end":{"line":158,"column":106}}]},"19":{"type":"branch","line":158,"loc":{"start":{"line":158,"column":86},"end":{"line":158,"column":96}},"locations":[{"start":{"line":158,"column":86},"end":{"line":158,"column":96}}]}},"b":{"0":[9],"1":[9],"2":[0],"3":[0],"4":[18],"5":[18],"6":[27],"7":[18],"8":[9],"9":[0],"10":[18],"11":[0],"12":[0],"13":[9],"14":[9],"15":[9],"16":[0],"17":[0],"18":[1],"19":[0]},"fnMap":{"0":{"name":"OrderTable","decl":{"start":{"line":37,"column":15},"end":{"line":263,"column":1}},"loc":{"start":{"line":37,"column":15},"end":{"line":263,"column":1}},"line":37},"1":{"name":"handleAssignToLot","decl":{"start":{"line":44,"column":30},"end":{"line":58,"column":5}},"loc":{"start":{"line":44,"column":30},"end":{"line":58,"column":5}},"line":44},"2":{"name":"handleSort","decl":{"start":{"line":60,"column":23},"end":{"line":67,"column":5}},"loc":{"start":{"line":60,"column":23},"end":{"line":67,"column":5}},"line":60},"3":{"name":"formatDate","decl":{"start":{"line":78,"column":23},"end":{"line":80,"column":5}},"loc":{"start":{"line":78,"column":23},"end":{"line":80,"column":5}},"line":78},"4":{"name":"formatCurrency","decl":{"start":{"line":82,"column":27},"end":{"line":87,"column":5}},"loc":{"start":{"line":82,"column":27},"end":{"line":87,"column":5}},"line":82},"5":{"name":"SortIcon","decl":{"start":{"line":89,"column":21},"end":{"line":96,"column":5}},"loc":{"start":{"line":89,"column":21},"end":{"line":96,"column":5}},"line":89},"6":{"name":"onClick","decl":{"start":{"line":105,"column":33},"end":{"line":105,"column":60}},"loc":{"start":{"line":105,"column":33},"end":{"line":105,"column":60}},"line":105},"7":{"name":"onClick","decl":{"start":{"line":126,"column":37},"end":{"line":126,"column":66}},"loc":{"start":{"line":126,"column":37},"end":{"line":126,"column":66}},"line":126},"8":{"name":"onClick","decl":{"start":{"line":132,"column":37},"end":{"line":132,"column":70}},"loc":{"start":{"line":132,"column":37},"end":{"line":132,"column":70}},"line":132},"9":{"name":"onClick","decl":{"start":{"line":144,"column":37},"end":{"line":144,"column":68}},"loc":{"start":{"line":144,"column":37},"end":{"line":144,"column":68}},"line":144},"10":{"name":"onClick","decl":{"start":{"line":158,"column":41},"end":{"line":158,"column":106}},"loc":{"start":{"line":158,"column":41},"end":{"line":158,"column":106}},"line":158},"11":{"name":"onClick","decl":{"start":{"line":200,"column":57},"end":{"line":203,"column":50}},"loc":{"start":{"line":200,"column":57},"end":{"line":203,"column":50}},"line":200},"12":{"name":"onClose","decl":{"start":{"line":253,"column":33},"end":{"line":256,"column":26}},"loc":{"start":{"line":253,"column":33},"end":{"line":256,"column":26}},"line":253}},"f":{"0":9,"1":0,"2":0,"3":18,"4":18,"5":27,"6":0,"7":0,"8":0,"9":0,"10":1,"11":0,"12":0}}
}
