TN:
SF:src/actions/adminOrders.ts
FN:18,fetchAdminOrders
FN:142,verifyAdminOrder
FNF:2
FNH:2
FNDA:7,fetchAdminOrders
FNDA:2,verifyAdminOrder
DA:1,1
DA:2,1
DA:3,1
DA:4,1
DA:5,1
DA:6,1
DA:7,1
DA:8,1
DA:9,1
DA:10,1
DA:11,1
DA:12,1
DA:13,1
DA:14,1
DA:15,1
DA:16,1
DA:17,1
DA:18,1
DA:19,7
DA:20,7
DA:21,7
DA:22,7
DA:23,7
DA:24,7
DA:25,7
DA:26,7
DA:27,7
DA:28,7
DA:29,1
DA:30,1
DA:31,1
DA:32,1
DA:33,1
DA:34,1
DA:35,1
DA:36,1
DA:37,1
DA:38,7
DA:39,7
DA:40,7
DA:41,7
DA:42,7
DA:43,7
DA:44,7
DA:45,1
DA:46,1
DA:47,7
DA:48,1
DA:49,1
DA:50,7
DA:51,1
DA:52,1
DA:53,7
DA:54,1
DA:55,1
DA:56,1
DA:57,1
DA:58,0
DA:59,1
DA:60,0
DA:61,0
DA:62,1
DA:63,7
DA:64,7
DA:65,7
DA:66,7
DA:67,7
DA:68,7
DA:69,7
DA:70,7
DA:71,7
DA:72,7
DA:73,7
DA:74,7
DA:75,1
DA:76,1
DA:77,7
DA:78,1
DA:79,1
DA:80,1
DA:81,1
DA:82,0
DA:83,1
DA:84,0
DA:85,0
DA:86,1
DA:87,7
DA:88,1
DA:89,1
DA:90,7
DA:91,1
DA:92,1
DA:93,7
DA:94,7
DA:95,7
DA:96,6
DA:97,6
DA:98,7
DA:99,7
DA:100,7
DA:101,7
DA:102,7
DA:103,7
DA:104,7
DA:105,7
DA:106,2
DA:107,2
DA:108,2
DA:109,2
DA:110,2
DA:111,2
DA:112,5
DA:113,5
DA:114,5
DA:115,5
DA:116,5
DA:117,5
DA:118,2
DA:119,2
DA:120,6
DA:121,7
DA:122,3
DA:123,3
DA:124,3
DA:125,3
DA:126,2
DA:127,2
DA:128,3
DA:129,3
DA:130,7
DA:131,7
DA:132,7
DA:133,1
DA:134,1
DA:135,1
DA:136,1
DA:137,1
DA:138,1
DA:139,1
DA:140,7
DA:141,1
DA:142,1
DA:143,2
DA:144,2
DA:145,2
DA:146,2
DA:147,2
DA:148,2
DA:149,2
DA:150,2
DA:151,2
DA:152,2
DA:153,2
DA:154,1
DA:155,1
DA:156,1
DA:157,1
DA:158,1
DA:159,1
LF:159
LH:153
BRDA:18,0,0,7
BRDA:28,1,0,1
BRDA:35,2,0,0
BRDA:44,3,0,1
BRDA:44,4,0,1
BRDA:47,5,0,1
BRDA:50,6,0,1
BRDA:53,7,0,1
BRDA:57,8,0,0
BRDA:59,9,0,0
BRDA:65,10,0,5
BRDA:74,11,0,1
BRDA:74,12,0,1
BRDA:77,13,0,1
BRDA:81,14,0,0
BRDA:83,15,0,0
BRDA:87,16,0,1
BRDA:90,17,0,1
BRDA:95,18,0,1
BRDA:95,19,0,6
BRDA:98,20,0,0
BRDA:100,21,0,0
BRDA:105,22,0,2
BRDA:111,23,0,0
BRDA:119,24,0,6
BRDA:121,25,0,0
BRDA:132,26,0,1
BRDA:137,27,0,0
BRDA:35,28,0,1
BRDA:98,29,0,3
BRDA:100,30,0,3
BRDA:111,31,0,5
BRDA:121,32,0,3
BRDA:125,33,0,2
BRDA:128,34,0,1
BRDA:142,35,0,2
BRDA:153,36,0,1
BRF:37
BRH:27
end_of_record
TN:
SF:src/actions/ensureUserProfile.ts
FN:14,ensureUserProfile
FNF:1
FNH:1
FNDA:10,ensureUserProfile
DA:1,1
DA:2,1
DA:3,1
DA:4,1
DA:5,1
DA:6,1
DA:7,1
DA:8,1
DA:9,1
DA:10,1
DA:11,1
DA:12,1
DA:13,1
DA:14,1
DA:15,10
DA:16,10
DA:17,10
DA:18,10
DA:19,10
DA:20,10
DA:21,10
DA:22,10
DA:23,10
DA:24,10
DA:25,10
DA:26,10
DA:27,10
DA:28,9
DA:29,9
DA:30,9
DA:31,10
DA:32,10
DA:33,10
DA:34,10
DA:35,10
DA:36,10
DA:37,2
DA:38,2
DA:39,2
DA:40,2
DA:41,2
DA:42,2
DA:43,2
DA:44,1
DA:45,1
DA:46,1
DA:47,1
DA:48,1
DA:49,1
DA:50,1
DA:51,1
DA:52,1
DA:53,1
DA:54,1
DA:55,10
DA:56,7
DA:57,7
DA:58,7
DA:59,7
DA:60,9
DA:61,9
DA:62,10
DA:63,10
DA:64,10
DA:65,10
DA:66,10
DA:67,10
DA:68,10
DA:69,10
DA:70,10
DA:71,10
DA:72,10
DA:73,10
DA:74,10
DA:75,9
DA:76,10
DA:77,1
DA:78,1
DA:79,10
DA:80,7
DA:81,7
DA:82,7
DA:83,7
DA:84,10
LF:84
LH:84
BRDA:14,0,0,10
BRDA:27,1,0,1
BRDA:27,2,0,9
BRDA:31,3,0,3
BRDA:36,4,0,3
BRDA:36,5,0,2
BRDA:43,6,0,1
BRDA:55,7,0,7
BRDA:59,8,0,9
BRDA:62,9,0,0
BRDA:64,10,0,9
BRDA:64,11,0,0
BRDA:71,12,0,8
BRDA:74,13,0,9
BRDA:76,14,0,2
BRDA:76,15,0,1
BRDA:79,16,0,8
BRDA:79,17,0,7
BRF:18
BRH:16
end_of_record
TN:
SF:src/components/admin/OrderTable.tsx
FN:37,OrderTable
FN:44,handleAssignToLot
FN:60,handleSort
FN:78,formatDate
FN:82,formatCurrency
FN:89,SortIcon
FN:105,onClick
FN:126,onClick
FN:132,onClick
FN:144,onClick
FN:158,onClick
FN:200,onClick
FN:253,onClose
FNF:13
FNH:5
FNDA:9,OrderTable
FNDA:0,handleAssignToLot
FNDA:0,handleSort
FNDA:18,formatDate
FNDA:18,formatCurrency
FNDA:27,SortIcon
FNDA:0,onClick
FNDA:0,onClick
FNDA:0,onClick
FNDA:0,onClick
FNDA:1,onClick
FNDA:0,onClick
FNDA:0,onClose
DA:1,1
DA:2,1
DA:3,1
DA:4,1
DA:5,1
DA:6,1
DA:7,1
DA:8,1
DA:9,1
DA:10,1
DA:11,1
DA:12,1
DA:13,1
DA:14,1
DA:15,1
DA:16,1
DA:17,1
DA:18,1
DA:19,1
DA:20,1
DA:21,1
DA:22,1
DA:23,1
DA:24,1
DA:25,1
DA:26,1
DA:27,1
DA:28,1
DA:29,1
DA:30,1
DA:31,1
DA:32,1
DA:33,1
DA:34,1
DA:35,1
DA:36,1
DA:37,1
DA:38,9
DA:39,9
DA:40,9
DA:41,9
DA:42,9
DA:43,9
DA:44,9
DA:45,0
DA:46,0
DA:47,0
DA:48,0
DA:49,0
DA:50,0
DA:51,0
DA:52,0
DA:53,0
DA:54,0
DA:55,0
DA:56,0
DA:57,0
DA:58,0
DA:59,9
DA:60,9
DA:61,0
DA:62,0
DA:63,0
DA:64,0
DA:65,0
DA:66,0
DA:67,0
DA:68,9
DA:69,9
DA:70,9
DA:71,9
DA:72,9
DA:73,9
DA:74,0
DA:75,0
DA:76,0
DA:77,9
DA:78,9
DA:79,18
DA:80,18
DA:81,9
DA:82,9
DA:83,18
DA:84,18
DA:85,18
DA:86,18
DA:87,18
DA:88,9
DA:89,9
DA:90,27
DA:91,9
DA:92,0
DA:93,0
DA:94,27
DA:95,27
DA:96,27
DA:97,9
DA:98,9
DA:99,9
DA:100,9
DA:101,9
DA:102,9
DA:103,9
DA:104,9
DA:105,9
DA:106,9
DA:107,9
DA:108,9
DA:109,9
DA:110,9
DA:111,9
DA:112,9
DA:113,9
DA:114,9
DA:115,9
DA:116,9
DA:117,9
DA:118,9
DA:119,9
DA:120,9
DA:121,9
DA:122,9
DA:123,9
DA:124,9
DA:125,9
DA:126,9
DA:127,9
DA:128,9
DA:129,9
DA:130,9
DA:131,9
DA:132,9
DA:133,9
DA:134,9
DA:135,9
DA:136,9
DA:137,9
DA:138,9
DA:139,9
DA:140,9
DA:141,9
DA:142,9
DA:143,9
DA:144,9
DA:145,9
DA:146,9
DA:147,9
DA:148,9
DA:149,9
DA:150,9
DA:151,9
DA:152,9
DA:153,9
DA:154,9
DA:155,18
DA:156,9
DA:157,9
DA:158,9
DA:159,9
DA:160,9
DA:161,9
DA:162,9
DA:163,9
DA:164,9
DA:165,9
DA:166,9
DA:167,9
DA:168,9
DA:169,9
DA:170,9
DA:171,9
DA:172,9
DA:173,9
DA:174,9
DA:175,9
DA:176,9
DA:177,9
DA:178,9
DA:179,9
DA:180,9
DA:181,9
DA:182,9
DA:183,9
DA:184,9
DA:185,9
DA:186,9
DA:187,9
DA:188,9
DA:189,9
DA:190,9
DA:191,9
DA:192,9
DA:193,9
DA:194,9
DA:195,9
DA:196,9
DA:197,9
DA:198,9
DA:199,9
DA:200,9
DA:201,0
DA:202,0
DA:203,0
DA:204,9
DA:205,9
DA:206,9
DA:207,9
DA:208,9
DA:209,9
DA:210,9
DA:211,9
DA:212,9
DA:213,9
DA:214,9
DA:215,9
DA:216,9
DA:217,9
DA:218,9
DA:219,9
DA:220,9
DA:221,9
DA:222,9
DA:223,9
DA:224,9
DA:225,9
DA:226,9
DA:227,9
DA:228,9
DA:229,9
DA:230,9
DA:231,9
DA:232,9
DA:233,9
DA:234,9
DA:235,9
DA:236,9
DA:237,9
DA:238,9
DA:239,9
DA:240,9
DA:241,9
DA:242,9
DA:243,9
DA:244,9
DA:245,9
DA:246,9
DA:247,9
DA:248,9
DA:249,9
DA:250,9
DA:251,9
DA:252,9
DA:253,9
DA:254,0
DA:255,0
DA:256,0
DA:257,9
DA:258,9
DA:259,9
DA:260,9
DA:261,9
DA:262,9
DA:263,9
LF:263
LH:231
BRDA:37,0,0,9
BRDA:69,1,0,9
BRDA:73,2,0,0
BRDA:73,3,0,0
BRDA:78,4,0,18
BRDA:82,5,0,18
BRDA:89,6,0,27
BRDA:90,7,0,18
BRDA:90,8,0,9
BRDA:91,9,0,0
BRDA:154,10,0,18
BRDA:164,11,0,0
BRDA:164,12,0,0
BRDA:167,13,0,9
BRDA:196,14,0,9
BRDA:196,15,0,9
BRDA:198,16,0,0
BRDA:224,17,0,0
BRDA:158,18,0,1
BRDA:158,19,0,0
BRF:20
BRH:12
end_of_record
